<?xml version="1.0" encoding="UTF-8"?>
<testsuite name="com.tistory.bbdevstory.springboot.web.PostsApiControllerTest" tests="1" skipped="0" failures="0" errors="0" timestamp="2020-11-18T05:11:19" hostname="BB.local" time="0.452">
  <properties/>
  <testcase name="Posts_수정된다" classname="com.tistory.bbdevstory.springboot.web.PostsApiControllerTest" time="0.452"/>
  <system-out><![CDATA[14:11:16.094 [Test worker] DEBUG org.springframework.test.context.junit4.SpringJUnit4ClassRunner - SpringJUnit4ClassRunner constructor called with [class com.tistory.bbdevstory.springboot.web.PostsApiControllerTest]
14:11:16.102 [Test worker] DEBUG org.springframework.test.context.BootstrapUtils - Instantiating CacheAwareContextLoaderDelegate from class [org.springframework.test.context.cache.DefaultCacheAwareContextLoaderDelegate]
14:11:16.107 [Test worker] DEBUG org.springframework.test.context.BootstrapUtils - Instantiating BootstrapContext using constructor [public org.springframework.test.context.support.DefaultBootstrapContext(java.lang.Class,org.springframework.test.context.CacheAwareContextLoaderDelegate)]
14:11:16.121 [Test worker] DEBUG org.springframework.test.context.BootstrapUtils - Instantiating TestContextBootstrapper for test class [com.tistory.bbdevstory.springboot.web.PostsApiControllerTest] from class [org.springframework.boot.test.context.SpringBootTestContextBootstrapper]
14:11:16.129 [Test worker] INFO org.springframework.boot.test.context.SpringBootTestContextBootstrapper - Neither @ContextConfiguration nor @ContextHierarchy found for test class [com.tistory.bbdevstory.springboot.web.PostsApiControllerTest], using SpringBootContextLoader
14:11:16.132 [Test worker] DEBUG org.springframework.test.context.support.AbstractContextLoader - Did not detect default resource location for test class [com.tistory.bbdevstory.springboot.web.PostsApiControllerTest]: class path resource [com/tistory/bbdevstory/springboot/web/PostsApiControllerTest-context.xml] does not exist
14:11:16.133 [Test worker] DEBUG org.springframework.test.context.support.AbstractContextLoader - Did not detect default resource location for test class [com.tistory.bbdevstory.springboot.web.PostsApiControllerTest]: class path resource [com/tistory/bbdevstory/springboot/web/PostsApiControllerTestContext.groovy] does not exist
14:11:16.133 [Test worker] INFO org.springframework.test.context.support.AbstractContextLoader - Could not detect default resource locations for test class [com.tistory.bbdevstory.springboot.web.PostsApiControllerTest]: no resource found for suffixes {-context.xml, Context.groovy}.
14:11:16.134 [Test worker] INFO org.springframework.test.context.support.AnnotationConfigContextLoaderUtils - Could not detect default configuration classes for test class [com.tistory.bbdevstory.springboot.web.PostsApiControllerTest]: PostsApiControllerTest does not declare any static, non-private, non-final, nested classes annotated with @Configuration.
14:11:16.165 [Test worker] DEBUG org.springframework.test.context.support.ActiveProfilesUtils - Could not find an 'annotation declaring class' for annotation type [org.springframework.test.context.ActiveProfiles] and class [com.tistory.bbdevstory.springboot.web.PostsApiControllerTest]
14:11:16.229 [Test worker] DEBUG org.springframework.context.annotation.ClassPathScanningCandidateComponentProvider - Identified candidate component class: file [/Users/bobaekim/Documents/java/spring-learning/springboot2-webservice/build/classes/java/main/com/tistory/bbdevstory/springboot/Application.class]
14:11:16.229 [Test worker] INFO org.springframework.boot.test.context.SpringBootTestContextBootstrapper - Found @SpringBootConfiguration com.tistory.bbdevstory.springboot.Application for test class com.tistory.bbdevstory.springboot.web.PostsApiControllerTest
14:11:16.286 [Test worker] DEBUG org.springframework.boot.test.context.SpringBootTestContextBootstrapper - @TestExecutionListeners is not present for class [com.tistory.bbdevstory.springboot.web.PostsApiControllerTest]: using defaults.
14:11:16.286 [Test worker] INFO org.springframework.boot.test.context.SpringBootTestContextBootstrapper - Loaded default TestExecutionListener class names from location [META-INF/spring.factories]: [org.springframework.boot.test.autoconfigure.restdocs.RestDocsTestExecutionListener, org.springframework.boot.test.autoconfigure.web.client.MockRestServiceServerResetTestExecutionListener, org.springframework.boot.test.autoconfigure.web.servlet.MockMvcPrintOnlyOnFailureTestExecutionListener, org.springframework.boot.test.autoconfigure.web.servlet.WebDriverTestExecutionListener, org.springframework.boot.test.mock.mockito.MockitoTestExecutionListener, org.springframework.boot.test.mock.mockito.ResetMocksTestExecutionListener, org.springframework.test.context.web.ServletTestExecutionListener, org.springframework.test.context.support.DirtiesContextBeforeModesTestExecutionListener, org.springframework.test.context.support.DependencyInjectionTestExecutionListener, org.springframework.test.context.support.DirtiesContextTestExecutionListener, org.springframework.test.context.transaction.TransactionalTestExecutionListener, org.springframework.test.context.jdbc.SqlScriptsTestExecutionListener]
14:11:16.296 [Test worker] INFO org.springframework.boot.test.context.SpringBootTestContextBootstrapper - Using TestExecutionListeners: [org.springframework.test.context.web.ServletTestExecutionListener@31e904e4, org.springframework.test.context.support.DirtiesContextBeforeModesTestExecutionListener@2e794480, org.springframework.boot.test.mock.mockito.MockitoTestExecutionListener@2cca1a51, org.springframework.boot.test.autoconfigure.SpringBootDependencyInjectionTestExecutionListener@6f672534, org.springframework.test.context.support.DirtiesContextTestExecutionListener@1650c218, org.springframework.test.context.transaction.TransactionalTestExecutionListener@72e9c916, org.springframework.test.context.jdbc.SqlScriptsTestExecutionListener@e8d4d88, org.springframework.boot.test.autoconfigure.restdocs.RestDocsTestExecutionListener@589587e8, org.springframework.boot.test.autoconfigure.web.client.MockRestServiceServerResetTestExecutionListener@48c5cee0, org.springframework.boot.test.autoconfigure.web.servlet.MockMvcPrintOnlyOnFailureTestExecutionListener@74581f97, org.springframework.boot.test.autoconfigure.web.servlet.WebDriverTestExecutionListener@10ddfd99, org.springframework.boot.test.mock.mockito.ResetMocksTestExecutionListener@648392ad]
14:11:16.299 [Test worker] DEBUG org.springframework.test.annotation.ProfileValueUtils - Retrieved @ProfileValueSourceConfiguration [null] for test class [com.tistory.bbdevstory.springboot.web.PostsApiControllerTest]
14:11:16.299 [Test worker] DEBUG org.springframework.test.annotation.ProfileValueUtils - Retrieved ProfileValueSource type [class org.springframework.test.annotation.SystemProfileValueSource] for class [com.tistory.bbdevstory.springboot.web.PostsApiControllerTest]
14:11:16.302 [Test worker] DEBUG org.springframework.test.annotation.ProfileValueUtils - Retrieved @ProfileValueSourceConfiguration [null] for test class [com.tistory.bbdevstory.springboot.web.PostsApiControllerTest]
14:11:16.302 [Test worker] DEBUG org.springframework.test.annotation.ProfileValueUtils - Retrieved ProfileValueSource type [class org.springframework.test.annotation.SystemProfileValueSource] for class [com.tistory.bbdevstory.springboot.web.PostsApiControllerTest]
14:11:16.303 [Test worker] DEBUG org.springframework.test.annotation.ProfileValueUtils - Retrieved @ProfileValueSourceConfiguration [null] for test class [com.tistory.bbdevstory.springboot.web.PostsApiControllerTest]
14:11:16.303 [Test worker] DEBUG org.springframework.test.annotation.ProfileValueUtils - Retrieved ProfileValueSource type [class org.springframework.test.annotation.SystemProfileValueSource] for class [com.tistory.bbdevstory.springboot.web.PostsApiControllerTest]
14:11:16.306 [Test worker] DEBUG org.springframework.test.context.support.AbstractDirtiesContextTestExecutionListener - Before test class: context [DefaultTestContext@21be494c testClass = PostsApiControllerTest, testInstance = [null], testMethod = [null], testException = [null], mergedContextConfiguration = [WebMergedContextConfiguration@420175d1 testClass = PostsApiControllerTest, locations = '{}', classes = '{class com.tistory.bbdevstory.springboot.Application}', contextInitializerClasses = '[]', activeProfiles = '{}', propertySourceLocations = '{}', propertySourceProperties = '{org.springframework.boot.test.context.SpringBootTestContextBootstrapper=true, server.port=0}', contextCustomizers = set[org.springframework.boot.test.autoconfigure.properties.PropertyMappingContextCustomizer@0, org.springframework.boot.test.autoconfigure.web.servlet.WebDriverContextCustomizerFactory$Customizer@608978c0, org.springframework.boot.test.context.filter.ExcludeFilterContextCustomizer@509b427f, org.springframework.boot.test.json.DuplicateJsonObjectContextCustomizerFactory$DuplicateJsonObjectContextCustomizer@64f4374c, org.springframework.boot.test.mock.mockito.MockitoContextCustomizer@0, org.springframework.boot.test.web.client.TestRestTemplateContextCustomizer@ff437e3], resourceBasePath = 'src/main/webapp', contextLoader = 'org.springframework.boot.test.context.SpringBootContextLoader', parent = [null]], attributes = map['org.springframework.test.context.web.ServletTestExecutionListener.activateListener' -> false]], class annotated with @DirtiesContext [false] with mode [null].
14:11:16.306 [Test worker] DEBUG org.springframework.test.annotation.ProfileValueUtils - Retrieved @ProfileValueSourceConfiguration [null] for test class [com.tistory.bbdevstory.springboot.web.PostsApiControllerTest]
14:11:16.306 [Test worker] DEBUG org.springframework.test.annotation.ProfileValueUtils - Retrieved ProfileValueSource type [class org.springframework.test.annotation.SystemProfileValueSource] for class [com.tistory.bbdevstory.springboot.web.PostsApiControllerTest]
14:11:16.309 [Test worker] DEBUG org.springframework.test.context.support.DependencyInjectionTestExecutionListener - Performing dependency injection for test context [[DefaultTestContext@21be494c testClass = PostsApiControllerTest, testInstance = com.tistory.bbdevstory.springboot.web.PostsApiControllerTest@6ca4b1f2, testMethod = [null], testException = [null], mergedContextConfiguration = [WebMergedContextConfiguration@420175d1 testClass = PostsApiControllerTest, locations = '{}', classes = '{class com.tistory.bbdevstory.springboot.Application}', contextInitializerClasses = '[]', activeProfiles = '{}', propertySourceLocations = '{}', propertySourceProperties = '{org.springframework.boot.test.context.SpringBootTestContextBootstrapper=true, server.port=0}', contextCustomizers = set[org.springframework.boot.test.autoconfigure.properties.PropertyMappingContextCustomizer@0, org.springframework.boot.test.autoconfigure.web.servlet.WebDriverContextCustomizerFactory$Customizer@608978c0, org.springframework.boot.test.context.filter.ExcludeFilterContextCustomizer@509b427f, org.springframework.boot.test.json.DuplicateJsonObjectContextCustomizerFactory$DuplicateJsonObjectContextCustomizer@64f4374c, org.springframework.boot.test.mock.mockito.MockitoContextCustomizer@0, org.springframework.boot.test.web.client.TestRestTemplateContextCustomizer@ff437e3], resourceBasePath = 'src/main/webapp', contextLoader = 'org.springframework.boot.test.context.SpringBootContextLoader', parent = [null]], attributes = map['org.springframework.test.context.web.ServletTestExecutionListener.activateListener' -> false]]].
14:11:16.321 [Test worker] DEBUG org.springframework.test.context.support.TestPropertySourceUtils - Adding inlined properties to environment: {spring.jmx.enabled=false, org.springframework.boot.test.context.SpringBootTestContextBootstrapper=true, server.port=0}

  .   ____          _            __ _ _
 /\\ / ___'_ __ _ _(_)_ __  __ _ \ \ \ \
( ( )\___ | '_ | '_| | '_ \/ _` | \ \ \ \
 \\/  ___)| |_)| | | | | || (_| |  ) ) ) )
  '  |____| .__|_| |_|_| |_\__, | / / / /
 =========|_|==============|___/=/_/_/_/
 :: Spring Boot ::        (v2.1.7.RELEASE)

2020-11-18 14:11:16.509  INFO 1268 --- [    Test worker] c.t.b.s.web.PostsApiControllerTest       : Starting PostsApiControllerTest on BB.local with PID 1268 (started by bobaekim in /Users/bobaekim/Documents/java/spring-learning/springboot2-webservice)
2020-11-18 14:11:16.510  INFO 1268 --- [    Test worker] c.t.b.s.web.PostsApiControllerTest       : No active profile set, falling back to default profiles: default
2020-11-18 14:11:16.971  INFO 1268 --- [    Test worker] .s.d.r.c.RepositoryConfigurationDelegate : Bootstrapping Spring Data repositories in DEFAULT mode.
2020-11-18 14:11:17.039  INFO 1268 --- [    Test worker] .s.d.r.c.RepositoryConfigurationDelegate : Finished Spring Data repository scanning in 60ms. Found 1 repository interfaces.
2020-11-18 14:11:17.364  INFO 1268 --- [    Test worker] trationDelegate$BeanPostProcessorChecker : Bean 'org.springframework.transaction.annotation.ProxyTransactionManagementConfiguration' of type [org.springframework.transaction.annotation.ProxyTransactionManagementConfiguration$$EnhancerBySpringCGLIB$$2cdca1c9] is not eligible for getting processed by all BeanPostProcessors (for example: not eligible for auto-proxying)
2020-11-18 14:11:17.674  INFO 1268 --- [    Test worker] o.s.b.w.embedded.tomcat.TomcatWebServer  : Tomcat initialized with port(s): 0 (http)
2020-11-18 14:11:17.698  INFO 1268 --- [    Test worker] o.apache.catalina.core.StandardService   : Starting service [Tomcat]
2020-11-18 14:11:17.699  INFO 1268 --- [    Test worker] org.apache.catalina.core.StandardEngine  : Starting Servlet engine: [Apache Tomcat/9.0.22]
2020-11-18 14:11:17.802  INFO 1268 --- [    Test worker] o.a.c.c.C.[Tomcat].[localhost].[/]       : Initializing Spring embedded WebApplicationContext
2020-11-18 14:11:17.802  INFO 1268 --- [    Test worker] o.s.web.context.ContextLoader            : Root WebApplicationContext: initialization completed in 1279 ms
2020-11-18 14:11:17.970  INFO 1268 --- [    Test worker] com.zaxxer.hikari.HikariDataSource       : HikariPool-1 - Starting...
2020-11-18 14:11:18.102  INFO 1268 --- [    Test worker] com.zaxxer.hikari.HikariDataSource       : HikariPool-1 - Start completed.
2020-11-18 14:11:18.172  INFO 1268 --- [    Test worker] o.hibernate.jpa.internal.util.LogHelper  : HHH000204: Processing PersistenceUnitInfo [
	name: default
	...]
2020-11-18 14:11:18.224  INFO 1268 --- [    Test worker] org.hibernate.Version                    : HHH000412: Hibernate Core {5.3.10.Final}
2020-11-18 14:11:18.226  INFO 1268 --- [    Test worker] org.hibernate.cfg.Environment            : HHH000206: hibernate.properties not found
2020-11-18 14:11:18.345  INFO 1268 --- [    Test worker] o.hibernate.annotations.common.Version   : HCANN000001: Hibernate Commons Annotations {5.0.4.Final}
2020-11-18 14:11:18.460  INFO 1268 --- [    Test worker] org.hibernate.dialect.Dialect            : HHH000400: Using dialect: org.hibernate.dialect.MySQL5InnoDBDialect
Hibernate: drop table if exists posts
Hibernate: create table posts (id bigint not null auto_increment, author varchar(255), content TEXT not null, title varchar(500) not null, primary key (id)) engine=InnoDB
2020-11-18 14:11:18.937  INFO 1268 --- [    Test worker] o.h.t.schema.internal.SchemaCreatorImpl  : HHH000476: Executing import script 'org.hibernate.tool.schema.internal.exec.ScriptSourceInputNonExistentImpl@17dc5df8'
2020-11-18 14:11:18.939  INFO 1268 --- [    Test worker] j.LocalContainerEntityManagerFactoryBean : Initialized JPA EntityManagerFactory for persistence unit 'default'
2020-11-18 14:11:19.425  INFO 1268 --- [    Test worker] o.s.s.concurrent.ThreadPoolTaskExecutor  : Initializing ExecutorService 'applicationTaskExecutor'
2020-11-18 14:11:19.468  WARN 1268 --- [    Test worker] aWebConfiguration$JpaWebMvcConfiguration : spring.jpa.open-in-view is enabled by default. Therefore, database queries may be performed during view rendering. Explicitly configure spring.jpa.open-in-view to disable this warning
2020-11-18 14:11:19.703  INFO 1268 --- [    Test worker] o.s.b.w.embedded.tomcat.TomcatWebServer  : Tomcat started on port(s): 49915 (http) with context path ''
2020-11-18 14:11:19.705  INFO 1268 --- [    Test worker] c.t.b.s.web.PostsApiControllerTest       : Started PostsApiControllerTest in 3.383 seconds (JVM running for 4.043)
Hibernate: insert into posts (author, content, title) values (?, ?, ?)
2020-11-18 14:11:19.916  INFO 1268 --- [o-auto-1-exec-1] o.a.c.c.C.[Tomcat].[localhost].[/]       : Initializing Spring DispatcherServlet 'dispatcherServlet'
2020-11-18 14:11:19.917  INFO 1268 --- [o-auto-1-exec-1] o.s.web.servlet.DispatcherServlet        : Initializing Servlet 'dispatcherServlet'
2020-11-18 14:11:19.933  INFO 1268 --- [o-auto-1-exec-1] o.s.web.servlet.DispatcherServlet        : Completed initialization in 16 ms
Hibernate: select posts0_.id as id1_0_0_, posts0_.author as author2_0_0_, posts0_.content as content3_0_0_, posts0_.title as title4_0_0_ from posts posts0_ where posts0_.id=?
Hibernate: update posts set author=?, content=?, title=? where id=?
2020-11-18 14:11:20.085  INFO 1268 --- [    Test worker] o.h.h.i.QueryTranslatorFactoryInitiator  : HHH000397: Using ASTQueryTranslatorFactory
Hibernate: select posts0_.id as id1_0_, posts0_.author as author2_0_, posts0_.content as content3_0_, posts0_.title as title4_0_ from posts posts0_
Hibernate: select posts0_.id as id1_0_, posts0_.author as author2_0_, posts0_.content as content3_0_, posts0_.title as title4_0_ from posts posts0_
Hibernate: delete from posts where id=?
]]></system-out>
  <system-err><![CDATA[]]></system-err>
</testsuite>
